[INFO] 15:22:29:096 client/(25600:25600): hola soy un log!
[INFO] 15:22:31:852 client/(25600:25600): gsadf
[INFO] 15:26:34:315 client/(25878:25878): hola soy un log!
[INFO] 15:26:36:454 client/(25878:25878): fdf
[INFO] 15:28:40:511 client/(26093:26093): hola soy un log!
[INFO] 15:30:06:470 client/(26287:26287): hola soy un log!
[INFO] 16:22:46:213 client/(30173:30173): hola soy un log!
[INFO] 16:22:51:494 client/(30173:30173): hola
[INFO] 16:28:56:588 client/(30607:30607): hola soy un log!
[INFO] 16:28:59:563 client/(30607:30607): fd
[INFO] 16:30:56:366 client/(30801:30801): hola soy un log!
[INFO] 16:31:15:316 client/(30801:30801): 12
[INFO] 16:34:54:323 client/(31106:31106): hola soy un log!
[INFO] 16:35:09:018 client/(31106:31106): hola
[INFO] 16:37:04:510 client/(31296:31296): hola soy un log!
[INFO] 16:37:11:744 client/(31296:31296): mesag
[INFO] 16:37:52:086 client/(31418:31418): hola soy un log!
[INFO] 16:37:56:075 client/(31418:31418): mensaje
[INFO] 16:38:34:103 client/(31554:31554): hola soy un log!
[INFO] 16:38:37:355 client/(31554:31554): mensaje
[INFO] 16:59:25:313 client/(32581:32581): hola soy un log!
[INFO] 16:59:29:045 client/(32581:32581): fsdfadf
[INFO] 18:03:35:345 client/(3610:3610): hola soy un log!
[INFO] 18:03:38:988 client/(3610:3610): hhh
[INFO] 18:05:23:820 client/(3820:3820): hola soy un log!
[INFO] 18:05:27:101 client/(3820:3820): fasdfa
[INFO] 18:09:50:034 client/(4234:4234): hola soy un log!
[INFO] 18:09:51:490 client/(4234:4234): fasdf
[INFO] 18:10:56:100 client/(4382:4382): hola soy un log!
[INFO] 18:10:59:047 client/(4382:4382): asdf
[INFO] 18:12:57:618 client/(4586:4586): hola soy un log!
[INFO] 18:12:59:606 client/(4586:4586): kjhg
[INFO] 18:14:04:474 client/(4735:4735): hola soy un log!
[INFO] 18:14:05:814 client/(4735:4735): fff
[INFO] 18:16:21:637 client/(5055:5055): hola soy un log!
[INFO] 18:16:23:715 client/(5055:5055): adf
[INFO] 18:18:55:402 client/(5308:5308): hola soy un log!
[INFO] 18:19:00:156 client/(5308:5308): fff
[INFO] 18:24:25:268 client/(5658:5658): hola soy un log!
[INFO] 18:24:28:735 client/(5658:5658): d
[INFO] 18:50:35:091 client/(7660:7660): hola soy un log!
[INFO] 18:50:55:679 client/(7755:7755): hola soy un log!
[INFO] 18:50:59:222 client/(7755:7755): asf
[INFO] 18:52:28:584 client/(7907:7907): hola soy un log!
[INFO] 18:52:31:652 client/(7907:7907): fff
[INFO] 21:38:49:742 client/(9333:9333): hola soy un log!
[INFO] 21:38:51:198 client/(9333:9333): fads
[INFO] 21:49:27:574 client/(9948:9948): hola soy un log!
[INFO] 21:49:39:883 client/(9948:9948): hein
[INFO] 21:52:21:303 client/(10154:10154): hola soy un log!
[INFO] 21:52:25:061 client/(10154:10154): 154f
[INFO] 21:53:49:031 client/(10382:10382): hola soy un log!
[INFO] 21:53:52:331 client/(10382:10382): asdf
[INFO] 21:57:32:427 client/(10650:10650): hola soy un log!
[INFO] 21:57:57:394 client/(10650:10650): fasdf
[INFO] 21:59:39:100 client/(10883:10883): hola soy un log!
[INFO] 21:58:24:327 client/(10883:10883): fdfa
[INFO] 22:01:02:887 client/(11472:11472): hola soy un log!
[INFO] 22:01:13:655 client/(11472:11472): hola
[INFO] 22:02:34:649 client/(11741:11741): hola soy un log!
[INFO] 22:02:38:807 client/(11741:11741): hola
[INFO] 22:04:03:848 client/(12001:12001): hola soy un log!
[INFO] 22:04:08:754 client/(12001:12001): loggeo
[INFO] 22:05:46:067 client/(12254:12254): hola soy un log!
[INFO] 22:05:47:410 client/(12254:12254): fadf
[INFO] 22:08:00:490 client/(12453:12453): hola soy un log!
[INFO] 22:08:05:419 client/(12453:12453): hola
